Determining if the pthread_create exist failed with the following output:
Change Dir: /home/student/carla.hal/ros/build/CMakeFiles/CMakeTmp

Run Build Command:"/usr/bin/make" "cmTC_17861/fast"
/usr/bin/make -f CMakeFiles/cmTC_17861.dir/build.make CMakeFiles/cmTC_17861.dir/build
make[1]: Entering directory '/home/student/carla.hal/ros/build/CMakeFiles/CMakeTmp'
Building C object CMakeFiles/cmTC_17861.dir/CheckSymbolExists.c.o
/usr/bin/cc     -o CMakeFiles/cmTC_17861.dir/CheckSymbolExists.c.o   -c /home/student/carla.hal/ros/build/CMakeFiles/CMakeTmp/CheckSymbolExists.c
Linking C executable cmTC_17861
/usr/bin/cmake -E cmake_link_script CMakeFiles/cmTC_17861.dir/link.txt --verbose=1
/usr/bin/cc       CMakeFiles/cmTC_17861.dir/CheckSymbolExists.c.o  -o cmTC_17861 -rdynamic 
CMakeFiles/cmTC_17861.dir/CheckSymbolExists.c.o: In function `main':
CheckSymbolExists.c:(.text+0x16): undefined reference to `pthread_create'
collect2: error: ld returned 1 exit status
CMakeFiles/cmTC_17861.dir/build.make:97: recipe for target 'cmTC_17861' failed
make[1]: *** [cmTC_17861] Error 1
make[1]: Leaving directory '/home/student/carla.hal/ros/build/CMakeFiles/CMakeTmp'
Makefile:126: recipe for target 'cmTC_17861/fast' failed
make: *** [cmTC_17861/fast] Error 2

File /home/student/carla.hal/ros/build/CMakeFiles/CMakeTmp/CheckSymbolExists.c:
/* */
#include <pthread.h>

int main(int argc, char** argv)
{
  (void)argv;
#ifndef pthread_create
  return ((int*)(&pthread_create))[argc];
#else
  (void)argc;
  return 0;
#endif
}

Determining if the function pthread_create exists in the pthreads failed with the following output:
Change Dir: /home/student/carla.hal/ros/build/CMakeFiles/CMakeTmp

Run Build Command:"/usr/bin/make" "cmTC_e78af/fast"
/usr/bin/make -f CMakeFiles/cmTC_e78af.dir/build.make CMakeFiles/cmTC_e78af.dir/build
make[1]: Entering directory '/home/student/carla.hal/ros/build/CMakeFiles/CMakeTmp'
Building C object CMakeFiles/cmTC_e78af.dir/CheckFunctionExists.c.o
/usr/bin/cc    -DCHECK_FUNCTION_EXISTS=pthread_create   -o CMakeFiles/cmTC_e78af.dir/CheckFunctionExists.c.o   -c /usr/share/cmake-3.5/Modules/CheckFunctionExists.c
Linking C executable cmTC_e78af
/usr/bin/cmake -E cmake_link_script CMakeFiles/cmTC_e78af.dir/link.txt --verbose=1
/usr/bin/cc   -DCHECK_FUNCTION_EXISTS=pthread_create    CMakeFiles/cmTC_e78af.dir/CheckFunctionExists.c.o  -o cmTC_e78af -rdynamic -lpthreads 
/usr/bin/ld: cannot find -lpthreads
collect2: error: ld returned 1 exit status
CMakeFiles/cmTC_e78af.dir/build.make:97: recipe for target 'cmTC_e78af' failed
make[1]: *** [cmTC_e78af] Error 1
make[1]: Leaving directory '/home/student/carla.hal/ros/build/CMakeFiles/CMakeTmp'
Makefile:126: recipe for target 'cmTC_e78af/fast' failed
make: *** [cmTC_e78af/fast] Error 2


